ERROR 2019-04-29T20:33:20Z: rls::actions: failed to fetch project model, using fallback: failed to parse manifest at `c:\FLAMES\work\code\rust\piston-starting\Cargo.toml`
ERROR 2019-04-29T20:33:22Z: rls::actions: failed to fetch project model, using fallback: failed to parse manifest at `c:\FLAMES\work\code\rust\piston-starting\Cargo.toml`
ERROR 2019-04-29T20:33:23Z: rls::actions: failed to fetch project model, using fallback: failed to parse manifest at `c:\FLAMES\work\code\rust\piston-starting\Cargo.toml`
ERROR 2019-04-29T20:33:23Z: rls::actions: failed to fetch project model, using fallback: failed to parse manifest at `c:\FLAMES\work\code\rust\piston-starting\Cargo.toml`
ERROR 2019-04-29T20:33:23Z: rls::actions: failed to fetch project model, using fallback: failed to parse manifest at `c:\FLAMES\work\code\rust\piston-starting\Cargo.toml`
ERROR 2019-04-29T20:33:23Z: rls::actions: failed to fetch project model, using fallback: failed to parse manifest at `c:\FLAMES\work\code\rust\piston-starting\Cargo.toml`
ERROR 2019-04-29T20:33:26Z: rls::actions: failed to fetch project model, using fallback: failed to parse manifest at `c:\FLAMES\work\code\rust\piston-starting\Cargo.toml`
ERROR 2019-04-29T20:33:26Z: rls::actions: failed to fetch project model, using fallback: failed to parse manifest at `c:\FLAMES\work\code\rust\piston-starting\Cargo.toml`
ERROR 2019-04-29T20:33:26Z: rls::actions: failed to fetch project model, using fallback: failed to parse manifest at `c:\FLAMES\work\code\rust\piston-starting\Cargo.toml`
ERROR 2019-04-29T20:33:27Z: rls::actions: failed to fetch project model, using fallback: failed to parse manifest at `c:\FLAMES\work\code\rust\piston-starting\Cargo.toml`
ERROR 2019-04-29T20:33:27Z: rls::actions: failed to fetch project model, using fallback: failed to parse manifest at `c:\FLAMES\work\code\rust\piston-starting\Cargo.toml`
ERROR 2019-04-29T20:33:27Z: rls::actions: failed to fetch project model, using fallback: failed to parse manifest at `c:\FLAMES\work\code\rust\piston-starting\Cargo.toml`
ERROR 2019-04-29T20:33:27Z: rls::actions: failed to fetch project model, using fallback: failed to parse manifest at `c:\FLAMES\work\code\rust\piston-starting\Cargo.toml`
ERROR 2019-04-29T20:33:27Z: rls::actions: failed to fetch project model, using fallback: failed to parse manifest at `c:\FLAMES\work\code\rust\piston-starting\Cargo.toml`
ERROR 2019-04-29T20:33:27Z: rls::actions: failed to fetch project model, using fallback: failed to parse manifest at `c:\FLAMES\work\code\rust\piston-starting\Cargo.toml`
ERROR 2019-04-29T20:33:28Z: rls::actions: failed to fetch project model, using fallback: failed to parse manifest at `c:\FLAMES\work\code\rust\piston-starting\Cargo.toml`
ERROR 2019-04-29T20:33:28Z: rls::actions: failed to fetch project model, using fallback: failed to parse manifest at `c:\FLAMES\work\code\rust\piston-starting\Cargo.toml`
ERROR 2019-04-29T20:33:29Z: rls::actions: failed to fetch project model, using fallback: failed to parse manifest at `c:\FLAMES\work\code\rust\piston-starting\Cargo.toml`
ERROR 2019-04-29T20:33:31Z: rls::actions: failed to fetch project model, using fallback: failed to parse manifest at `c:\FLAMES\work\code\rust\piston-starting\Cargo.toml`
ERROR 2019-04-29T20:33:32Z: rls::actions: failed to fetch project model, using fallback: failed to parse manifest at `c:\FLAMES\work\code\rust\piston-starting\Cargo.toml`
ERROR 2019-04-29T20:33:32Z: rls::actions: failed to fetch project model, using fallback: failed to parse manifest at `c:\FLAMES\work\code\rust\piston-starting\Cargo.toml`
ERROR 2019-04-29T20:33:34Z: rls::actions: failed to fetch project model, using fallback: failed to parse manifest at `c:\FLAMES\work\code\rust\piston-starting\Cargo.toml`
ERROR 2019-04-29T20:33:35Z: rls::actions: failed to fetch project model, using fallback: failed to parse manifest at `c:\FLAMES\work\code\rust\piston-starting\Cargo.toml`
ERROR 2019-04-29T20:33:35Z: rls::actions: failed to fetch project model, using fallback: failed to parse manifest at `c:\FLAMES\work\code\rust\piston-starting\Cargo.toml`
ERROR 2019-04-29T20:33:35Z: rls::actions: failed to fetch project model, using fallback: failed to parse manifest at `c:\FLAMES\work\code\rust\piston-starting\Cargo.toml`
ERROR 2019-04-29T20:33:36Z: rls::actions: failed to fetch project model, using fallback: failed to parse manifest at `c:\FLAMES\work\code\rust\piston-starting\Cargo.toml`
ERROR 2019-04-29T20:33:36Z: rls::actions: failed to fetch project model, using fallback: failed to parse manifest at `c:\FLAMES\work\code\rust\piston-starting\Cargo.toml`
ERROR 2019-04-29T20:33:36Z: rls::actions: failed to fetch project model, using fallback: failed to parse manifest at `c:\FLAMES\work\code\rust\piston-starting\Cargo.toml`
ERROR 2019-04-29T20:33:36Z: rls::actions: failed to fetch project model, using fallback: failed to parse manifest at `c:\FLAMES\work\code\rust\piston-starting\Cargo.toml`
ERROR 2019-04-29T20:33:36Z: rls::actions: failed to fetch project model, using fallback: failed to parse manifest at `c:\FLAMES\work\code\rust\piston-starting\Cargo.toml`
ERROR 2019-04-29T20:33:36Z: rls::actions: failed to fetch project model, using fallback: failed to parse manifest at `c:\FLAMES\work\code\rust\piston-starting\Cargo.toml`
ERROR 2019-04-29T20:33:36Z: rls::actions: failed to fetch project model, using fallback: failed to parse manifest at `c:\FLAMES\work\code\rust\piston-starting\Cargo.toml`
ERROR 2019-04-29T20:33:37Z: rls::actions: failed to fetch project model, using fallback: failed to parse manifest at `c:\FLAMES\work\code\rust\piston-starting\Cargo.toml`
ERROR 2019-04-29T20:33:37Z: rls::actions: failed to fetch project model, using fallback: failed to parse manifest at `c:\FLAMES\work\code\rust\piston-starting\Cargo.toml`
ERROR 2019-04-29T20:33:38Z: rls::actions: failed to fetch project model, using fallback: failed to parse manifest at `c:\FLAMES\work\code\rust\piston-starting\Cargo.toml`
ERROR 2019-04-29T20:33:39Z: rls::actions: failed to fetch project model, using fallback: failed to parse manifest at `c:\FLAMES\work\code\rust\piston-starting\Cargo.toml`
ERROR 2019-04-29T20:33:42Z: rls::actions: failed to fetch project model, using fallback: failed to parse manifest at `c:\FLAMES\work\code\rust\piston-starting\Cargo.toml`
ERROR 2019-04-29T20:33:42Z: rls::actions: failed to fetch project model, using fallback: failed to parse manifest at `c:\FLAMES\work\code\rust\piston-starting\Cargo.toml`
ERROR 2019-04-29T20:33:42Z: rls::actions: failed to fetch project model, using fallback: failed to parse manifest at `c:\FLAMES\work\code\rust\piston-starting\Cargo.toml`
ERROR 2019-04-29T20:33:42Z: rls::actions: failed to fetch project model, using fallback: failed to parse manifest at `c:\FLAMES\work\code\rust\piston-starting\Cargo.toml`
ERROR 2019-04-29T20:33:42Z: rls::actions: failed to fetch project model, using fallback: failed to parse manifest at `c:\FLAMES\work\code\rust\piston-starting\Cargo.toml`
ERROR 2019-04-29T20:33:42Z: rls::actions: failed to fetch project model, using fallback: failed to parse manifest at `c:\FLAMES\work\code\rust\piston-starting\Cargo.toml`
ERROR 2019-04-29T20:33:43Z: rls::actions: failed to fetch project model, using fallback: failed to parse manifest at `c:\FLAMES\work\code\rust\piston-starting\Cargo.toml`
ERROR 2019-04-29T20:33:43Z: rls::actions: failed to fetch project model, using fallback: failed to parse manifest at `c:\FLAMES\work\code\rust\piston-starting\Cargo.toml`
ERROR 2019-04-29T20:33:43Z: rls::actions: failed to fetch project model, using fallback: failed to parse manifest at `c:\FLAMES\work\code\rust\piston-starting\Cargo.toml`
ERROR 2019-04-29T20:33:43Z: rls::actions: failed to fetch project model, using fallback: failed to parse manifest at `c:\FLAMES\work\code\rust\piston-starting\Cargo.toml`
ERROR 2019-04-29T20:33:43Z: rls::actions: failed to fetch project model, using fallback: failed to parse manifest at `c:\FLAMES\work\code\rust\piston-starting\Cargo.toml`
ERROR 2019-04-29T20:33:43Z: rls::actions: failed to fetch project model, using fallback: failed to parse manifest at `c:\FLAMES\work\code\rust\piston-starting\Cargo.toml`
ERROR 2019-04-29T20:33:43Z: rls::actions: failed to fetch project model, using fallback: failed to parse manifest at `c:\FLAMES\work\code\rust\piston-starting\Cargo.toml`
ERROR 2019-04-29T20:33:43Z: rls::actions: failed to fetch project model, using fallback: failed to parse manifest at `c:\FLAMES\work\code\rust\piston-starting\Cargo.toml`
ERROR 2019-04-29T20:33:44Z: rls::actions: failed to fetch project model, using fallback: failed to parse manifest at `c:\FLAMES\work\code\rust\piston-starting\Cargo.toml`
ERROR 2019-04-29T20:33:45Z: rls::actions: failed to fetch project model, using fallback: failed to parse manifest at `c:\FLAMES\work\code\rust\piston-starting\Cargo.toml`
ERROR 2019-04-29T20:33:46Z: rls::actions: failed to fetch project model, using fallback: failed to parse manifest at `c:\FLAMES\work\code\rust\piston-starting\Cargo.toml`
error: expected one of `::`, `;`, or `as`, found `fn`
 --> <racer-file>:3:1
  |
1 | use p
  |      - expected one of `::`, `;`, or `as` here
2 | 
3 | fn main() {
  | ^^ unexpected token

ERROR 2019-04-29T20:33:46Z: rls::actions: failed to fetch project model, using fallback: failed to parse manifest at `c:\FLAMES\work\code\rust\piston-starting\Cargo.toml`
error: expected one of `::`, `;`, or `as`, found `fn`
 --> <racer-file>:3:1
  |
1 | use piston
  |           - expected one of `::`, `;`, or `as` here
2 | 
3 | fn main() {
  | ^^ unexpected token

ERROR 2019-04-29T20:33:47Z: rls::actions: failed to fetch project model, using fallback: failed to parse manifest at `c:\FLAMES\work\code\rust\piston-starting\Cargo.toml`
error: expected one of `::`, `;`, or `as`, found `:`
 --> <racer-file>:1:11
  |
1 | use piston:
  |           ^ expected one of `::`, `;`, or `as` here

ERROR 2019-04-29T20:33:47Z: rls::actions: failed to fetch project model, using fallback: failed to parse manifest at `c:\FLAMES\work\code\rust\piston-starting\Cargo.toml`
error: expected identifier, found keyword `fn`
 --> <racer-file>:3:1
  |
3 | fn main() {
  | ^^ expected identifier, found keyword

error: expected one of `::`, `;`, or `as`, found `main`
 --> <racer-file>:3:4
  |
3 | fn main() {
  |    ^^^^ expected one of `::`, `;`, or `as` here

ERROR 2019-04-29T20:33:47Z: rls::actions: failed to fetch project model, using fallback: failed to parse manifest at `c:\FLAMES\work\code\rust\piston-starting\Cargo.toml`
error: expected one of `::`, `;`, or `as`, found `fn`
 --> <racer-file>:3:1
  |
1 | use piston::w
  |              - expected one of `::`, `;`, or `as` here
2 | 
3 | fn main() {
  | ^^ unexpected token

ERROR 2019-04-29T20:33:49Z: rls::actions: failed to fetch project model, using fallback: failed to parse manifest at `c:\FLAMES\work\code\rust\piston-starting\Cargo.toml`
error: expected one of `::`, `;`, or `as`, found `:`
 --> <racer-file>:1:19
  |
1 | use piston::window:
  |                   ^ expected one of `::`, `;`, or `as` here

ERROR 2019-04-29T20:33:49Z: rls::actions: failed to fetch project model, using fallback: failed to parse manifest at `c:\FLAMES\work\code\rust\piston-starting\Cargo.toml`
error: expected identifier, found keyword `fn`
 --> <racer-file>:3:1
  |
3 | fn main() {
  | ^^ expected identifier, found keyword

error: expected one of `::`, `;`, or `as`, found `main`
 --> <racer-file>:3:4
  |
3 | fn main() {
  |    ^^^^ expected one of `::`, `;`, or `as` here

ERROR 2019-04-29T20:33:50Z: rls::actions: failed to fetch project model, using fallback: failed to parse manifest at `c:\FLAMES\work\code\rust\piston-starting\Cargo.toml`
error: expected one of `::`, `;`, or `as`, found `fn`
 --> <racer-file>:3:1
  |
1 | use piston::window::W
  |                      - expected one of `::`, `;`, or `as` here
2 | 
3 | fn main() {
  | ^^ unexpected token

ERROR 2019-04-29T20:33:51Z: rls::actions: failed to fetch project model, using fallback: failed to parse manifest at `c:\FLAMES\work\code\rust\piston-starting\Cargo.toml`
error: expected one of `::`, `;`, or `as`, found `fn`
 --> <racer-file>:3:1
  |
1 | use piston::window::WindowSe
  |                             - expected one of `::`, `;`, or `as` here
2 | 
3 | fn main() {
  | ^^ unexpected token

ERROR 2019-04-29T20:33:51Z: rls::actions: failed to fetch project model, using fallback: failed to parse manifest at `c:\FLAMES\work\code\rust\piston-starting\Cargo.toml`
error: expected one of `::`, `;`, or `as`, found `fn`
 --> <racer-file>:3:1
  |
1 | use piston::window::WindowSet
  |                              - expected one of `::`, `;`, or `as` here
2 | 
3 | fn main() {
  | ^^ unexpected token

ERROR 2019-04-29T20:33:51Z: rls::actions: failed to fetch project model, using fallback: failed to parse manifest at `c:\FLAMES\work\code\rust\piston-starting\Cargo.toml`
error: expected one of `::`, `;`, or `as`, found `fn`
 --> <racer-file>:3:1
  |
1 | use piston::window::WindowSett
  |                               - expected one of `::`, `;`, or `as` here
2 | 
3 | fn main() {
  | ^^ unexpected token

ERROR 2019-04-29T20:33:51Z: rls::actions: failed to fetch project model, using fallback: failed to parse manifest at `c:\FLAMES\work\code\rust\piston-starting\Cargo.toml`
error: expected one of `::`, `;`, or `as`, found `fn`
 --> <racer-file>:3:1
  |
1 | use piston::window::WindowSetti
  |                                - expected one of `::`, `;`, or `as` here
2 | 
3 | fn main() {
  | ^^ unexpected token

ERROR 2019-04-29T20:33:51Z: rls::actions: failed to fetch project model, using fallback: failed to parse manifest at `c:\FLAMES\work\code\rust\piston-starting\Cargo.toml`
error: expected one of `::`, `;`, or `as`, found `fn`
 --> <racer-file>:3:1
  |
1 | use piston::window::WindowSettin
  |                                 - expected one of `::`, `;`, or `as` here
2 | 
3 | fn main() {
  | ^^ unexpected token

ERROR 2019-04-29T20:33:51Z: rls::actions: failed to fetch project model, using fallback: failed to parse manifest at `c:\FLAMES\work\code\rust\piston-starting\Cargo.toml`
error: expected one of `::`, `;`, or `as`, found `fn`
 --> <racer-file>:3:1
  |
1 | use piston::window::WindowSetting
  |                                  - expected one of `::`, `;`, or `as` here
2 | 
3 | fn main() {
  | ^^ unexpected token

ERROR 2019-04-29T20:33:52Z: rls::actions: failed to fetch project model, using fallback: failed to parse manifest at `c:\FLAMES\work\code\rust\piston-starting\Cargo.toml`
error: expected one of `::`, `;`, or `as`, found `fn`
 --> <racer-file>:3:1
  |
1 | use piston::window::WindowSettings
  |                                   - expected one of `::`, `;`, or `as` here
2 | 
3 | fn main() {
  | ^^ unexpected token

